[debug] [2022-07-26T19:05:47.646Z] ----------------------------------------------------------------------
[debug] [2022-07-26T19:05:47.650Z] Command:       C:\Program Files\nodejs\node.exe C:\Users\Pallavi\AppData\Roaming\npm\node_modules\firebase-tools\lib\bin\firebase.js init database
[debug] [2022-07-26T19:05:47.651Z] CLI Version:   11.3.0
[debug] [2022-07-26T19:05:47.651Z] Platform:      win32
[debug] [2022-07-26T19:05:47.652Z] Node Version:  v16.15.0
[debug] [2022-07-26T19:05:47.654Z] Time:          Wed Jul 27 2022 00:35:47 GMT+0530 (India Standard Time)
[debug] [2022-07-26T19:05:47.655Z] ----------------------------------------------------------------------
[debug] 
[debug] [2022-07-26T19:05:47.791Z] > command requires scopes: ["email","openid","https://www.googleapis.com/auth/cloudplatformprojects.readonly","https://www.googleapis.com/auth/firebase","https://www.googleapis.com/auth/cloud-platform"]
[debug] [2022-07-26T19:05:47.792Z] > authorizing via signed-in user (pallavikamble170692@gmail.com)
[info] 
     ######## #### ########  ######## ########     ###     ######  ########
     ##        ##  ##     ## ##       ##     ##  ##   ##  ##       ##
     ######    ##  ########  ######   ########  #########  ######  ######
     ##        ##  ##    ##  ##       ##     ## ##     ##       ## ##
     ##       #### ##     ## ######## ########  ##     ##  ######  ########

You're about to initialize a Firebase project in this directory:

  E:\Pallavi\ITVedant_Projects\Angular13\quiz-app

Before we get started, keep in mind:

  * You are initializing within an existing Firebase project directory

[info] 
=== Project Setup
[info] 
[info] First, let's associate this project directory with a Firebase project.
[info] You can create multiple project aliases by running firebase use --add, 
[info] but for now we'll just set up a default project.
[info] 
[debug] [2022-07-26T19:05:51.541Z] Using project from CLI flag: quizzapp-1bc0a
[debug] [2022-07-26T19:05:51.546Z] >>> [apiv2][query] GET https://firebase.googleapis.com/v1beta1/projects/quizzapp-1bc0a [none]
[debug] [2022-07-26T19:05:57.613Z] <<< [apiv2][status] GET https://firebase.googleapis.com/v1beta1/projects/quizzapp-1bc0a 200
[debug] [2022-07-26T19:05:57.613Z] <<< [apiv2][body] GET https://firebase.googleapis.com/v1beta1/projects/quizzapp-1bc0a {"projectId":"quizzapp-1bc0a","projectNumber":"640608137816","displayName":"QuizzApp","name":"projects/quizzapp-1bc0a","resources":{"hostingSite":"quizzapp-1bc0a"},"state":"ACTIVE","etag":"1_74a91eaa-6200-4c7e-8895-708b92bc9894"}
[info] i  Using project quizzapp-1bc0a (QuizzApp) 
[info] 
=== Database Setup
[info] i  database: ensuring required API firebasedatabase.googleapis.com is enabled... 
[debug] [2022-07-26T19:05:57.699Z] >>> [apiv2][query] GET https://serviceusage.googleapis.com/v1/projects/quizzapp-1bc0a/services/firebasedatabase.googleapis.com [none]
[debug] [2022-07-26T19:06:04.802Z] <<< [apiv2][status] GET https://serviceusage.googleapis.com/v1/projects/quizzapp-1bc0a/services/firebasedatabase.googleapis.com 200
[debug] [2022-07-26T19:06:04.803Z] <<< [apiv2][body] GET https://serviceusage.googleapis.com/v1/projects/quizzapp-1bc0a/services/firebasedatabase.googleapis.com [omitted]
[warn] !  database: missing required API firebasedatabase.googleapis.com. Enabling now... 
[debug] [2022-07-26T19:06:04.807Z] >>> [apiv2][query] POST https://serviceusage.googleapis.com/v1/projects/quizzapp-1bc0a/services/firebasedatabase.googleapis.com:enable [none]
[debug] [2022-07-26T19:06:12.934Z] <<< [apiv2][status] POST https://serviceusage.googleapis.com/v1/projects/quizzapp-1bc0a/services/firebasedatabase.googleapis.com:enable 200
[debug] [2022-07-26T19:06:12.934Z] <<< [apiv2][body] POST https://serviceusage.googleapis.com/v1/projects/quizzapp-1bc0a/services/firebasedatabase.googleapis.com:enable [omitted]
[debug] [2022-07-26T19:06:22.952Z] >>> [apiv2][query] GET https://serviceusage.googleapis.com/v1/projects/quizzapp-1bc0a/services/firebasedatabase.googleapis.com [none]
[debug] [2022-07-26T19:06:30.218Z] <<< [apiv2][status] GET https://serviceusage.googleapis.com/v1/projects/quizzapp-1bc0a/services/firebasedatabase.googleapis.com 200
[debug] [2022-07-26T19:06:30.219Z] <<< [apiv2][body] GET https://serviceusage.googleapis.com/v1/projects/quizzapp-1bc0a/services/firebasedatabase.googleapis.com [omitted]
[info] +  database: required API firebasedatabase.googleapis.com is enabled 
[info] 
[debug] [2022-07-26T19:06:30.234Z] >>> [apiv2][query] GET https://firebase.googleapis.com/v1beta1/projects/quizzapp-1bc0a [none]
[debug] [2022-07-26T19:06:36.215Z] <<< [apiv2][status] GET https://firebase.googleapis.com/v1beta1/projects/quizzapp-1bc0a 200
[debug] [2022-07-26T19:06:36.215Z] <<< [apiv2][body] GET https://firebase.googleapis.com/v1beta1/projects/quizzapp-1bc0a {"projectId":"quizzapp-1bc0a","projectNumber":"640608137816","displayName":"QuizzApp","name":"projects/quizzapp-1bc0a","resources":{"hostingSite":"quizzapp-1bc0a"},"state":"ACTIVE","etag":"1_74a91eaa-6200-4c7e-8895-708b92bc9894"}
[debug] [2022-07-26T19:06:57.988Z] >>> [apiv2][query] POST https://firebasedatabase.googleapis.com/v1beta/projects/quizzapp-1bc0a/locations/us-central1/instances databaseId=quizzapp-1bc0a-default-rtdb&validateOnly=true
[debug] [2022-07-26T19:06:57.988Z] >>> [apiv2][body] POST https://firebasedatabase.googleapis.com/v1beta/projects/quizzapp-1bc0a/locations/us-central1/instances {"type":"default_database"}
[debug] [2022-07-26T19:07:05.373Z] <<< [apiv2][status] POST https://firebasedatabase.googleapis.com/v1beta/projects/quizzapp-1bc0a/locations/us-central1/instances 200
[debug] [2022-07-26T19:07:05.373Z] <<< [apiv2][body] POST https://firebasedatabase.googleapis.com/v1beta/projects/quizzapp-1bc0a/locations/us-central1/instances {"name":"projects/640608137816/locations/us-central1/instances/quizzapp-1bc0a-default-rtdb","project":"projects/640608137816","databaseUrl":"https://quizzapp-1bc0a-default-rtdb.firebaseio.com","type":"DEFAULT_DATABASE","state":"ACTIVE"}
[debug] [2022-07-26T19:07:05.383Z] >>> [apiv2][query] POST https://firebasedatabase.googleapis.com/v1beta/projects/quizzapp-1bc0a/locations/us-central1/instances databaseId=quizzapp-1bc0a-default-rtdb
[debug] [2022-07-26T19:07:05.383Z] >>> [apiv2][body] POST https://firebasedatabase.googleapis.com/v1beta/projects/quizzapp-1bc0a/locations/us-central1/instances {"type":"default_database"}
[debug] [2022-07-26T19:07:12.523Z] <<< [apiv2][status] POST https://firebasedatabase.googleapis.com/v1beta/projects/quizzapp-1bc0a/locations/us-central1/instances 200
[debug] [2022-07-26T19:07:12.523Z] <<< [apiv2][body] POST https://firebasedatabase.googleapis.com/v1beta/projects/quizzapp-1bc0a/locations/us-central1/instances {"name":"projects/640608137816/locations/us-central1/instances/quizzapp-1bc0a-default-rtdb","project":"projects/640608137816","databaseUrl":"https://quizzapp-1bc0a-default-rtdb.firebaseio.com","type":"DEFAULT_DATABASE","state":"ACTIVE"}
[info] 
[info] Firebase Realtime Database Security Rules allow you to define how your data should be
[info] structured and when your data can be read from and written to.
[info] 
[debug] [2022-07-26T19:07:38.800Z] Error: kill ENOSYS
    at process.kill (node:internal/process/per_thread:220:13)
    at process.listener (C:\Users\Pallavi\AppData\Roaming\npm\node_modules\firebase-tools\node_modules\signal-exit\index.js:95:15)
    at process.emit (node:events:527:28)
[error] 
[error] Error: An unexpected error has occurred.
